<?xml version="1.0" encoding="UTF-8"?>
<!-- Generated by org.testng.reporters.JUnitReportReporter -->
<testsuite hostname="DESKTOP-CKKV2QJ" name="org.isb.training.selenium.LoadTest2" tests="1" failures="0" timestamp="2 Aug 2019 01:28:24 GMT" time="40.874" errors="0">
  <testcase name="abc" time="40.874" classname="org.isb.training.selenium.LoadTest2"/>
</testsuite> <!-- org.isb.training.selenium.LoadTest2 -->
