<?xml version="1.0" encoding="UTF-8"?>
<!-- Generated by org.testng.reporters.JUnitReportReporter -->
<testsuite hostname="DESKTOP-CKKV2QJ" name="org.isb.training.selenium.NewTest" tests="1" failures="0" timestamp="27 Jun 2019 01:54:46 GMT" time="5.103" errors="0">
  <testcase name="verifySearchButton" time="5.103" classname="org.isb.training.selenium.NewTest"/>
</testsuite> <!-- org.isb.training.selenium.NewTest -->
