<?xml version="1.0" encoding="UTF-8"?>
<!-- Generated by org.testng.reporters.JUnitReportReporter -->
<testsuite hostname="DESKTOP-CKKV2QJ" name="org.isb.training.selenium.LoadTest01" tests="1" failures="0" timestamp="2 Aug 2019 00:46:23 GMT" time="1.871" errors="0">
  <testcase name="verifySearchButton" time="1.871" classname="org.isb.training.selenium.LoadTest01"/>
</testsuite> <!-- org.isb.training.selenium.LoadTest01 -->
